Arguments: 
  /usr/local/Cellar/node@10/10.20.1_1/bin/node /usr/local/Cellar/yarn/1.22.4/libexec/bin/yarn.js start

PATH: 
  /Users/jaypersanchez/.rvm/gems/ruby-2.5.1/bin:/Users/jaypersanchez/.rvm/gems/ruby-2.5.1@global/bin:/Users/jaypersanchez/.rvm/rubies/ruby-2.5.1/bin:/usr/local/opt/node@10/bin:/usr/local/bin:/usr/bin:/bin:/usr/sbin:/sbin:/usr/local/go/bin:/usr/local/share/dotnet:~/.dotnet/tools:/Library/Apple/usr/bin:/Applications/Wireshark.app/Contents/MacOS:/Users/jaypersanchez/.rvm/gems/ruby-2.5.1/bin:/Users/jaypersanchez/.rvm/gems/ruby-2.5.1@global/bin:/Users/jaypersanchez/.rvm/rubies/ruby-2.5.1/bin:/usr/local/opt/node@10/bin:/Users/jaypersanchez/opt/anaconda3/bin:/Users/jaypersanchez/opt/anaconda3/condabin:/Users/jaypersanchez/.rvm/bin:/Users/jaypersanchez/.rvm/bin

Yarn version: 
  1.22.4

Node version: 
  10.20.1

Platform: 
  darwin x64

Trace: 
  SyntaxError: /Users/jaypersanchez/j4/crypto-pips/package.json: Unexpected token / in JSON at position 268
      at JSON.parse (<anonymous>)
      at /usr/local/Cellar/yarn/1.22.4/libexec/lib/cli.js:1625:59
      at Generator.next (<anonymous>)
      at step (/usr/local/Cellar/yarn/1.22.4/libexec/lib/cli.js:310:30)
      at /usr/local/Cellar/yarn/1.22.4/libexec/lib/cli.js:321:13

npm manifest: 
  {
    "name": "crypto-pips",
    "version": "1.0.0",
    "description": "Mulitpile smart contract implementations of different cryptos.  Intended to showcase crypto currencies for security tokens, utility tokents, and stablecoins",
    "main": "server.js",
    "scripts": {
      //"test": "echo \"Error: no test specified\" && exit 1"
      "start": "react-scripts start",
      "build": "react-scripts build",
      "test": "react-scripts test",
      "eject": "react-scripts eject"
    },
    "keywords": [
      "stablecoin",
      "crypto",
      "cryptocurrencies",
      "tokens",
      "smartcontracts"
    ],
    "author": "jaypersanchez@gmail.com",
    "license": "ISC",
    "devDependencies": {
      "@truffle/hdwallet-provider": "^1.0.40",
      "dotenv": "^8.2.0",
      "express": "^4.17.1",
      "express-session": "^1.17.1",
      "filereader": "^0.10.3",
      "mongoose": "^5.9.25",
      "promise": "^8.1.0",
      "react": "^16.13.1",
      "react-dom": "^16.13.1",
      "react-router-dom": "^5.2.0",
      "solc": "^0.6.0"
    },
    "directories": {
      "test": "test"
    },
    "dependencies": {
      "ethers": "^5.0.7",
      "web3": "^1.2.11"
    },
    "repository": {
      "type": "git",
      "url": "git+https://github.com/jaypersanchez/crypto-pips.git"
    },
    "bugs": {
      "url": "https://github.com/jaypersanchez/crypto-pips/issues"
    },
    "homepage": "https://github.com/jaypersanchez/crypto-pips#readme"
  }

yarn manifest: 
  No manifest

Lockfile: 
  No lockfile
